{"numFailedTestSuites":0,"numFailedTests":0,"numPassedTestSuites":2,"numPassedTests":2,"numPendingTestSuites":0,"numPendingTests":0,"numRuntimeErrorTestSuites":0,"numTodoTests":0,"numTotalTestSuites":2,"numTotalTests":2,"openHandles":[],"snapshot":{"added":0,"didUpdate":false,"failure":false,"filesAdded":0,"filesRemoved":0,"filesRemovedList":[],"filesUnmatched":0,"filesUpdated":0,"matched":0,"total":0,"unchecked":0,"uncheckedKeysByFile":[],"unmatched":0,"updated":0},"startTime":1708636980036,"success":true,"testResults":[{"assertionResults":[{"ancestorTitles":["1-APPLICATION-STARTUP"],"duration":1,"failureDetails":[],"failureMessages":[],"fullName":"1-APPLICATION-STARTUP Application starts successfully","invocations":1,"location":null,"numPassingAsserts":1,"retryReasons":[],"status":"passed","title":"Application starts successfully"}],"endTime":1708636980154,"message":"","name":"/Users/michaelwegter/Desktop/Projects/codebase-api-dev-test/src/tests/startup.test.ts","startTime":1708636980056,"status":"passed","summary":""},{"assertionResults":[{"ancestorTitles":["2-HEALTHCHECK-URL"],"duration":0,"failureDetails":[],"failureMessages":[],"fullName":"2-HEALTHCHECK-URL Health check endpoint returns 200 OK","invocations":1,"location":null,"numPassingAsserts":1,"retryReasons":[],"status":"passed","title":"Health check endpoint returns 200 OK"}],"endTime":1708636980194,"message":"","name":"/Users/michaelwegter/Desktop/Projects/codebase-api-dev-test/src/tests/healthCheck.test.ts","startTime":1708636980157,"status":"passed","summary":""}],"wasInterrupted":false}
